<?xml version="1.0" encoding="UTF-8"?>
<testng-results ignored="0" total="2" passed="2" failed="0" skipped="0">
  <reporter-output>
    <line>
      <![CDATA[valid Login test is passed!!!]]>
    </line>
    <line>
      <![CDATA[- 320.00 USD]]>
    </line>
    <line>
      <![CDATA[- 244.00 USD]]>
    </line>
    <line>
      <![CDATA[+ 17.99 USD]]>
    </line>
    <line>
      <![CDATA[+ 340.00 USD]]>
    </line>
    <line>
      <![CDATA[+ 952.23 USD]]>
    </line>
    <line>
      <![CDATA[+ 1,250.00 USD]]>
    </line>
    <line>
      <![CDATA[test case2 passed!!]]>
    </line>
  </reporter-output>
  <suite started-at="2023-01-20T15:50:09 IST" name="Default suite" finished-at="2023-01-20T15:50:44 IST" duration-ms="34377">
    <groups>
    </groups>
    <test started-at="2023-01-20T15:50:09 IST" name="Default test" finished-at="2023-01-20T15:50:44 IST" duration-ms="34377">
      <class name="wingifyAssignment.TestValidLogIn">
        <test-method is-config="true" signature="setUp()[pri:0, instance:wingifyAssignment.TestValidLogIn@72cde7cc]" started-at="2023-01-20T15:50:09 IST" name="setUp" finished-at="2023-01-20T15:50:16 IST" duration-ms="6740" status="PASS">
          <reporter-output>
          </reporter-output>
        </test-method> <!-- setUp -->
        <test-method signature="testCase1()[pri:0, instance:wingifyAssignment.TestValidLogIn@72cde7cc]" started-at="2023-01-20T15:50:16 IST" name="testCase1" finished-at="2023-01-20T15:50:22 IST" duration-ms="5498" status="PASS">
          <reporter-output>
            <line>
              <![CDATA[valid Login test is passed!!!]]>
            </line>
          </reporter-output>
        </test-method> <!-- testCase1 -->
        <test-method is-config="true" signature="tearDown()[pri:0, instance:wingifyAssignment.TestValidLogIn@72cde7cc]" started-at="2023-01-20T15:50:22 IST" name="tearDown" finished-at="2023-01-20T15:50:23 IST" duration-ms="1223" status="PASS">
          <reporter-output>
          </reporter-output>
        </test-method> <!-- tearDown -->
        <test-method is-config="true" signature="setUp()[pri:0, instance:wingifyAssignment.TestValidLogIn@72cde7cc]" started-at="2023-01-20T15:50:23 IST" name="setUp" finished-at="2023-01-20T15:50:36 IST" duration-ms="13301" status="PASS">
          <reporter-output>
          </reporter-output>
        </test-method> <!-- setUp -->
        <test-method signature="testCase2()[pri:0, instance:wingifyAssignment.TestValidLogIn@72cde7cc]" started-at="2023-01-20T15:50:36 IST" name="testCase2" finished-at="2023-01-20T15:50:43 IST" duration-ms="6534" status="PASS">
          <reporter-output>
            <line>
              <![CDATA[- 320.00 USD]]>
            </line>
            <line>
              <![CDATA[- 244.00 USD]]>
            </line>
            <line>
              <![CDATA[+ 17.99 USD]]>
            </line>
            <line>
              <![CDATA[+ 340.00 USD]]>
            </line>
            <line>
              <![CDATA[+ 952.23 USD]]>
            </line>
            <line>
              <![CDATA[+ 1,250.00 USD]]>
            </line>
            <line>
              <![CDATA[test case2 passed!!]]>
            </line>
          </reporter-output>
        </test-method> <!-- testCase2 -->
        <test-method is-config="true" signature="tearDown()[pri:0, instance:wingifyAssignment.TestValidLogIn@72cde7cc]" started-at="2023-01-20T15:50:43 IST" name="tearDown" finished-at="2023-01-20T15:50:44 IST" duration-ms="1001" status="PASS">
          <reporter-output>
          </reporter-output>
        </test-method> <!-- tearDown -->
      </class> <!-- wingifyAssignment.TestValidLogIn -->
    </test> <!-- Default test -->
  </suite> <!-- Default suite -->
</testng-results>
