<?xml version="1.0" encoding="UTF-8"?>
<!-- Generated by org.testng.reporters.JUnitXMLReporter -->
<testsuite ignored="0" hostname="DESKTOP-P4LLIA9" failures="0" tests="4" name="Test" time="56.045" errors="0" timestamp="2023-01-20T14:07:12 IST">
  <testcase classname="testNGpack2.Class1" name="sql" time="12.46"/>
  <testcase classname="testNGpack2.Class3" name="java" time="12.838"/>
  <testcase classname="testNGpack2.Class2" name="manul" time="12.927"/>
  <testcase classname="testNGpack2.Class4" name="Selenium" time="17.714"/>
</testsuite> <!-- Test -->
